This file contains any messages produced by compilers while
running configure, to aid debugging if configure makes a mistake.

It was created by uPerf configure 0.2.1, which was
generated by GNU Autoconf 2.59.  Invocation command line was

  $ ./configure 

## --------- ##
## Platform. ##
## --------- ##

hostname = bursar
uname -m = i86pc
uname -r = 5.11
uname -s = SunOS
uname -v = snv_86

/usr/bin/uname -p = i386
/bin/uname -X     = System = SunOS
Node = bursar
Release = 5.11
KernelID = snv_86
Machine = i86pc
BusType = <unknown>
Serial = <unknown>
Users = <unknown>
OEM# = 0
Origin# = 1
NumCPU = 4

/bin/arch              = i86pc
/usr/bin/arch -k       = i86pc
/usr/convex/getsysinfo = unknown
hostinfo               = unknown
/bin/machine           = unknown
/usr/bin/oslevel       = unknown
/bin/universe          = unknown

PATH: /home/neel/bin
PATH: /usr/bin
PATH: /usr/sbin
PATH: /usr/local/bin
PATH: /home/neel/tools/i386/bin
PATH: /usr/ccs/bin
PATH: /usr/dt/bin
PATH: /usr/openwin/bin
PATH: /export/home/tools/texlive/2007/bin/i386-solaris
PATH: /usr/sfw/bin
PATH: /usr/ccs/bin
PATH: /opt/sfw/bin
PATH: /ws/onnv-tools/SUNWspro/SS11/bin
PATH: /opt/teamware/bin
PATH: /ws/onnv-tools/teamware/bin
PATH: /opt/onbld/bin
PATH: /opt/onbld/bin/i386
PATH: /ws/onnv-tools/onbld/bin
PATH: /ws/onnv-tools/onbld/bin/i386


## ----------- ##
## Core tests. ##
## ----------- ##

configure:1372: checking for a BSD-compatible install
configure:1427: result: /usr/bin/ginstall -c
configure:1438: checking whether build environment is sane
configure:1481: result: yes
configure:1546: checking for gawk
configure:1575: result: no
configure:1546: checking for mawk
configure:1575: result: no
configure:1546: checking for nawk
configure:1562: found /usr/bin/nawk
configure:1572: result: nawk
configure:1582: checking whether make sets $(MAKE)
configure:1602: result: yes
configure:1816: checking for gcc
configure:1832: found /usr/bin/gcc
configure:1842: result: gcc
configure:2086: checking for C compiler version
configure:2089: gcc --version </dev/null >&5
gcc (GCC) 3.4.3 (csl-sol210-3_4-20050802)
Copyright (C) 2004 Free Software Foundation, Inc.
This is free software; see the source for copying conditions.  There is NO
warranty; not even for MERCHANTABILITY or FITNESS FOR A PARTICULAR PURPOSE.

configure:2092: $? = 0
configure:2094: gcc -v </dev/null >&5
Reading specs from /usr/sfw/lib/gcc/i386-pc-solaris2.11/3.4.3/specs
Configured with: /builds/sfwnv-86/usr/src/cmd/gcc/gcc-3.4.3/configure --prefix=/usr/sfw --with-as=/usr/sfw/bin/gas --with-gnu-as --with-ld=/usr/ccs/bin/ld --without-gnu-ld --enable-languages=c,c++,f77,objc --enable-shared
Thread model: posix
gcc version 3.4.3 (csl-sol210-3_4-20050802)
configure:2097: $? = 0
configure:2099: gcc -V </dev/null >&5
gcc: `-V' option must have argument
configure:2102: $? = 1
configure:2125: checking for C compiler default output file name
configure:2128: gcc    conftest.c  >&5
configure:2131: $? = 0
configure:2177: result: a.out
configure:2182: checking whether the C compiler works
configure:2188: ./a.out
configure:2191: $? = 0
configure:2208: result: yes
configure:2215: checking whether we are cross compiling
configure:2217: result: no
configure:2220: checking for suffix of executables
configure:2222: gcc -o conftest    conftest.c  >&5
configure:2225: $? = 0
configure:2250: result: 
configure:2256: checking for suffix of object files
configure:2277: gcc -c   conftest.c >&5
configure:2280: $? = 0
configure:2302: result: o
configure:2306: checking whether we are using the GNU C compiler
configure:2330: gcc -c   conftest.c >&5
configure:2336: $? = 0
configure:2340: test -z 
			 || test ! -s conftest.err
configure:2343: $? = 0
configure:2346: test -s conftest.o
configure:2349: $? = 0
configure:2362: result: yes
configure:2368: checking whether gcc accepts -g
configure:2389: gcc -c -g  conftest.c >&5
configure:2395: $? = 0
configure:2399: test -z 
			 || test ! -s conftest.err
configure:2402: $? = 0
configure:2405: test -s conftest.o
configure:2408: $? = 0
configure:2419: result: yes
configure:2436: checking for gcc option to accept ANSI C
configure:2506: gcc  -c   conftest.c >&5
configure:2512: $? = 0
configure:2516: test -z 
			 || test ! -s conftest.err
configure:2519: $? = 0
configure:2522: test -s conftest.o
configure:2525: $? = 0
configure:2543: result: none needed
configure:2561: gcc -c   conftest.c >&5
conftest.c:2: error: syntax error before "me"
configure:2567: $? = 1
configure: failed program was:
| #ifndef __cplusplus
|   choke me
| #endif
configure:2711: checking for style of include used by make
configure:2739: result: GNU
configure:2767: checking dependency style of gcc
configure:2857: result: gcc3
configure:2915: checking for ranlib
configure:2931: found /usr/bin/ranlib
configure:2942: result: ranlib
configure:2954: checking whether make sets $(MAKE)
configure:2974: result: yes
configure:2986: *** Setting flags for gcc ***
configure:3022: *** Solaris Machine ***
configure:3035: checking if we can use getrusage
configure:3043: gcc -c  -O2 -D_REENTRANT  conftest.c >&5
configure:3049: $? = 0
configure:3053: test -z 
			 || test ! -s conftest.err
configure:3056: $? = 0
configure:3059: test -s conftest.o
configure:3062: $? = 0
configure:3064: result: yes
configure:3085: checking BSWAP_ macros
configure:3092: gcc -c  -O2 -D_REENTRANT  conftest.c >&5
configure:3098: $? = 0
configure:3102: test -z 
			 || test ! -s conftest.err
configure:3105: $? = 0
configure:3108: test -s conftest.o
configure:3111: $? = 0
configure:3113: result: yes
configure:3154: checking to see whether to enable cpu performance counters support
configure:3157: checking for cpc_open in -lcpc
configure:3187: gcc -o conftest  -O2 -D_REENTRANT   conftest.c -lcpc   >&5
configure:3193: $? = 0
configure:3197: test -z 
			 || test ! -s conftest.err
configure:3200: $? = 0
configure:3203: test -s conftest
configure:3206: $? = 0
configure:3219: result: yes
configure:3373: checking for kstat_open in -lkstat
configure:3403: gcc -o conftest  -O2 -D_REENTRANT   conftest.c -lkstat   >&5
configure:3409: $? = 0
configure:3413: test -z 
			 || test ! -s conftest.err
configure:3416: $? = 0
configure:3419: test -s conftest
configure:3422: $? = 0
configure:3435: result: yes
configure:3473: checking whether to enable netstat support
configure:3498: result: yes
configure:3521: checking how to run the C preprocessor
configure:3556: gcc -E  conftest.c
configure:3562: $? = 0
configure:3594: gcc -E  conftest.c
conftest.c:19:28: ac_nonexistent.h: No such file or directory
configure:3600: $? = 1
configure: failed program was:
| /* confdefs.h.  */
| 
| #define PACKAGE_NAME "uPerf"
| #define PACKAGE_TARNAME "uperf"
| #define PACKAGE_VERSION "0.2.1"
| #define PACKAGE_STRING "uPerf 0.2.1"
| #define PACKAGE_BUGREPORT "neel@sun.com"
| #define PACKAGE "uperf"
| #define VERSION "0.2.1"
| #define UPERF_SOLARIS 1
| #define USE_GETRUSAGE 1
| #define HAVE_BSWAP 1
| #define USE_CPC 1
| #define USE_CPCv2 1
| #define HAVE_CPC 1
| #define HAVE_LIBKSTAT 1
| #define ENABLE_NETSTAT 1
| /* end confdefs.h.  */
| #include <ac_nonexistent.h>
configure:3639: result: gcc -E
configure:3663: gcc -E  conftest.c
configure:3669: $? = 0
configure:3701: gcc -E  conftest.c
conftest.c:19:28: ac_nonexistent.h: No such file or directory
configure:3707: $? = 1
configure: failed program was:
| /* confdefs.h.  */
| 
| #define PACKAGE_NAME "uPerf"
| #define PACKAGE_TARNAME "uperf"
| #define PACKAGE_VERSION "0.2.1"
| #define PACKAGE_STRING "uPerf 0.2.1"
| #define PACKAGE_BUGREPORT "neel@sun.com"
| #define PACKAGE "uperf"
| #define VERSION "0.2.1"
| #define UPERF_SOLARIS 1
| #define USE_GETRUSAGE 1
| #define HAVE_BSWAP 1
| #define USE_CPC 1
| #define USE_CPCv2 1
| #define HAVE_CPC 1
| #define HAVE_LIBKSTAT 1
| #define ENABLE_NETSTAT 1
| /* end confdefs.h.  */
| #include <ac_nonexistent.h>
configure:3751: checking for egrep
configure:3761: result: egrep
configure:3766: checking for ANSI C header files
configure:3791: gcc -c  -O2 -D_REENTRANT  conftest.c >&5
configure:3797: $? = 0
configure:3801: test -z 
			 || test ! -s conftest.err
configure:3804: $? = 0
configure:3807: test -s conftest.o
configure:3810: $? = 0
configure:3899: gcc -o conftest  -O2 -D_REENTRANT   conftest.c  >&5
configure:3902: $? = 0
configure:3904: ./conftest
configure:3907: $? = 0
configure:3922: result: yes
configure:3946: checking for sys/types.h
configure:3962: gcc -c  -O2 -D_REENTRANT  conftest.c >&5
configure:3968: $? = 0
configure:3972: test -z 
			 || test ! -s conftest.err
configure:3975: $? = 0
configure:3978: test -s conftest.o
configure:3981: $? = 0
configure:3992: result: yes
configure:3946: checking for sys/stat.h
configure:3962: gcc -c  -O2 -D_REENTRANT  conftest.c >&5
configure:3968: $? = 0
configure:3972: test -z 
			 || test ! -s conftest.err
configure:3975: $? = 0
configure:3978: test -s conftest.o
configure:3981: $? = 0
configure:3992: result: yes
configure:3946: checking for stdlib.h
configure:3962: gcc -c  -O2 -D_REENTRANT  conftest.c >&5
configure:3968: $? = 0
configure:3972: test -z 
			 || test ! -s conftest.err
configure:3975: $? = 0
configure:3978: test -s conftest.o
configure:3981: $? = 0
configure:3992: result: yes
configure:3946: checking for string.h
configure:3962: gcc -c  -O2 -D_REENTRANT  conftest.c >&5
configure:3968: $? = 0
configure:3972: test -z 
			 || test ! -s conftest.err
configure:3975: $? = 0
configure:3978: test -s conftest.o
configure:3981: $? = 0
configure:3992: result: yes
configure:3946: checking for memory.h
configure:3962: gcc -c  -O2 -D_REENTRANT  conftest.c >&5
configure:3968: $? = 0
configure:3972: test -z 
			 || test ! -s conftest.err
configure:3975: $? = 0
configure:3978: test -s conftest.o
configure:3981: $? = 0
configure:3992: result: yes
configure:3946: checking for strings.h
configure:3962: gcc -c  -O2 -D_REENTRANT  conftest.c >&5
configure:3968: $? = 0
configure:3972: test -z 
			 || test ! -s conftest.err
configure:3975: $? = 0
configure:3978: test -s conftest.o
configure:3981: $? = 0
configure:3992: result: yes
configure:3946: checking for inttypes.h
configure:3962: gcc -c  -O2 -D_REENTRANT  conftest.c >&5
configure:3968: $? = 0
configure:3972: test -z 
			 || test ! -s conftest.err
configure:3975: $? = 0
configure:3978: test -s conftest.o
configure:3981: $? = 0
configure:3992: result: yes
configure:3946: checking for stdint.h
configure:3962: gcc -c  -O2 -D_REENTRANT  conftest.c >&5
configure:3968: $? = 0
configure:3972: test -z 
			 || test ! -s conftest.err
configure:3975: $? = 0
configure:3978: test -s conftest.o
configure:3981: $? = 0
configure:3992: result: yes
configure:3946: checking for unistd.h
configure:3962: gcc -c  -O2 -D_REENTRANT  conftest.c >&5
configure:3968: $? = 0
configure:3972: test -z 
			 || test ! -s conftest.err
configure:3975: $? = 0
configure:3978: test -s conftest.o
configure:3981: $? = 0
configure:3992: result: yes
configure:4027: checking atomic.h usability
configure:4039: gcc -c  -O2 -D_REENTRANT  conftest.c >&5
configure:4045: $? = 0
configure:4049: test -z 
			 || test ! -s conftest.err
configure:4052: $? = 0
configure:4055: test -s conftest.o
configure:4058: $? = 0
configure:4068: result: yes
configure:4072: checking atomic.h presence
configure:4082: gcc -E  conftest.c
configure:4088: $? = 0
configure:4108: result: yes
configure:4143: checking for atomic.h
configure:4150: result: yes
configure:4027: checking siginfo.h usability
configure:4039: gcc -c  -O2 -D_REENTRANT  conftest.c >&5
configure:4045: $? = 0
configure:4049: test -z 
			 || test ! -s conftest.err
configure:4052: $? = 0
configure:4055: test -s conftest.o
configure:4058: $? = 0
configure:4068: result: yes
configure:4072: checking siginfo.h presence
configure:4082: gcc -E  conftest.c
configure:4088: $? = 0
configure:4108: result: yes
configure:4143: checking for siginfo.h
configure:4150: result: yes
configure:4027: checking sys/int_limits.h usability
configure:4039: gcc -c  -O2 -D_REENTRANT  conftest.c >&5
configure:4045: $? = 0
configure:4049: test -z 
			 || test ! -s conftest.err
configure:4052: $? = 0
configure:4055: test -s conftest.o
configure:4058: $? = 0
configure:4068: result: yes
configure:4072: checking sys/int_limits.h presence
configure:4082: gcc -E  conftest.c
configure:4088: $? = 0
configure:4108: result: yes
configure:4143: checking for sys/int_limits.h
configure:4150: result: yes
configure:4027: checking sys/lwp.h usability
configure:4039: gcc -c  -O2 -D_REENTRANT  conftest.c >&5
configure:4045: $? = 0
configure:4049: test -z 
			 || test ! -s conftest.err
configure:4052: $? = 0
configure:4055: test -s conftest.o
configure:4058: $? = 0
configure:4068: result: yes
configure:4072: checking sys/lwp.h presence
configure:4082: gcc -E  conftest.c
configure:4088: $? = 0
configure:4108: result: yes
configure:4143: checking for sys/lwp.h
configure:4150: result: yes
configure:4027: checking signal.h usability
configure:4039: gcc -c  -O2 -D_REENTRANT  conftest.c >&5
configure:4045: $? = 0
configure:4049: test -z 
			 || test ! -s conftest.err
configure:4052: $? = 0
configure:4055: test -s conftest.o
configure:4058: $? = 0
configure:4068: result: yes
configure:4072: checking signal.h presence
configure:4082: gcc -E  conftest.c
configure:4088: $? = 0
configure:4108: result: yes
configure:4143: checking for signal.h
configure:4150: result: yes
configure:4027: checking sys/byteorder.h usability
configure:4039: gcc -c  -O2 -D_REENTRANT  conftest.c >&5
configure:4045: $? = 0
configure:4049: test -z 
			 || test ! -s conftest.err
configure:4052: $? = 0
configure:4055: test -s conftest.o
configure:4058: $? = 0
configure:4068: result: yes
configure:4072: checking sys/byteorder.h presence
configure:4082: gcc -E  conftest.c
configure:4088: $? = 0
configure:4108: result: yes
configure:4143: checking for sys/byteorder.h
configure:4150: result: yes
configure:4027: checking poll.h usability
configure:4039: gcc -c  -O2 -D_REENTRANT  conftest.c >&5
configure:4045: $? = 0
configure:4049: test -z 
			 || test ! -s conftest.err
configure:4052: $? = 0
configure:4055: test -s conftest.o
configure:4058: $? = 0
configure:4068: result: yes
configure:4072: checking poll.h presence
configure:4082: gcc -E  conftest.c
configure:4088: $? = 0
configure:4108: result: yes
configure:4143: checking for poll.h
configure:4150: result: yes
configure:4027: checking sys/poll.h usability
configure:4039: gcc -c  -O2 -D_REENTRANT  conftest.c >&5
configure:4045: $? = 0
configure:4049: test -z 
			 || test ! -s conftest.err
configure:4052: $? = 0
configure:4055: test -s conftest.o
configure:4058: $? = 0
configure:4068: result: yes
configure:4072: checking sys/poll.h presence
configure:4082: gcc -E  conftest.c
configure:4088: $? = 0
configure:4108: result: yes
configure:4143: checking for sys/poll.h
configure:4150: result: yes
configure:4027: checking sys/varargs.h usability
configure:4039: gcc -c  -O2 -D_REENTRANT  conftest.c >&5
configure:4045: $? = 0
configure:4049: test -z 
			 || test ! -s conftest.err
configure:4052: $? = 0
configure:4055: test -s conftest.o
configure:4058: $? = 0
configure:4068: result: yes
configure:4072: checking sys/varargs.h presence
configure:4082: gcc -E  conftest.c
configure:4088: $? = 0
configure:4108: result: yes
configure:4143: checking for sys/varargs.h
configure:4150: result: yes
configure:4018: checking for stdint.h
configure:4023: result: yes
configure:4168: checking for nanosleep
configure:4225: gcc -o conftest  -O2 -D_REENTRANT   conftest.c  >&5
configure:4231: $? = 0
configure:4235: test -z 
			 || test ! -s conftest.err
configure:4238: $? = 0
configure:4241: test -s conftest
configure:4244: $? = 0
configure:4256: result: yes
configure:4267: checking whether to enable debug mode
configure:4292: result: no
configure:4307: checking whether to enable udp support
configure:4332: result: yes
configure:4350: checking whether to enable sctp support
configure:4360: result: yes
configure:4362: checking for sctp_sendmsg in -lsctp
configure:4392: gcc -o conftest  -O2 -D_REENTRANT   conftest.c -lsctp   >&5
configure:4398: $? = 0
configure:4402: test -z 
			 || test ! -s conftest.err
configure:4405: $? = 0
configure:4408: test -s conftest
configure:4411: $? = 0
configure:4424: result: yes
configure:4486: checking whether to enable ssl support
configure:4496: result: yes
configure:4499: checking for SSL_CTX_new in -lssl
configure:4529: gcc -o conftest  -O2 -D_REENTRANT  -I/usr/sfw/include  conftest.c -lssl   >&5
configure:4535: $? = 0
configure:4539: test -z 
			 || test ! -s conftest.err
configure:4542: $? = 0
configure:4545: test -s conftest
configure:4548: $? = 0
configure:4561: result: yes
configure:4847: creating ./config.status

## ---------------------- ##
## Running config.status. ##
## ---------------------- ##

This file was extended by uPerf config.status 0.2.1, which was
generated by GNU Autoconf 2.59.  Invocation command line was

  CONFIG_FILES    = 
  CONFIG_HEADERS  = 
  CONFIG_LINKS    = 
  CONFIG_COMMANDS = 
  $ ./config.status 

on bursar

config.status:708: creating Makefile
config.status:708: creating src/Makefile
config.status:708: creating workloads/Makefile
config.status:812: creating config.h
config.status:1166: executing depfiles commands

## ---------------- ##
## Cache variables. ##
## ---------------- ##

ac_cv_c_compiler_gnu=yes
ac_cv_env_CC_set=''
ac_cv_env_CC_value=''
ac_cv_env_CFLAGS_set=''
ac_cv_env_CFLAGS_value=''
ac_cv_env_CPPFLAGS_set=''
ac_cv_env_CPPFLAGS_value=''
ac_cv_env_CPP_set=''
ac_cv_env_CPP_value=''
ac_cv_env_LDFLAGS_set=''
ac_cv_env_LDFLAGS_value=''
ac_cv_env_build_alias_set=''
ac_cv_env_build_alias_value=''
ac_cv_env_host_alias_set=''
ac_cv_env_host_alias_value=''
ac_cv_env_target_alias_set=''
ac_cv_env_target_alias_value=''
ac_cv_exeext=''
ac_cv_func_nanosleep=yes
ac_cv_header_atomic_h=yes
ac_cv_header_inttypes_h=yes
ac_cv_header_memory_h=yes
ac_cv_header_poll_h=yes
ac_cv_header_siginfo_h=yes
ac_cv_header_signal_h=yes
ac_cv_header_stdc=yes
ac_cv_header_stdint_h=yes
ac_cv_header_stdlib_h=yes
ac_cv_header_string_h=yes
ac_cv_header_strings_h=yes
ac_cv_header_sys_byteorder_h=yes
ac_cv_header_sys_int_limits_h=yes
ac_cv_header_sys_lwp_h=yes
ac_cv_header_sys_poll_h=yes
ac_cv_header_sys_stat_h=yes
ac_cv_header_sys_types_h=yes
ac_cv_header_sys_varargs_h=yes
ac_cv_header_unistd_h=yes
ac_cv_lib_cpc_cpc_open=yes
ac_cv_lib_kstat_kstat_open=yes
ac_cv_lib_sctp_sctp_sendmsg=yes
ac_cv_lib_ssl_SSL_CTX_new=yes
ac_cv_objext=o
ac_cv_path_install='/usr/bin/ginstall -c'
ac_cv_prog_AWK=nawk
ac_cv_prog_CPP='gcc -E'
ac_cv_prog_ac_ct_CC=gcc
ac_cv_prog_ac_ct_RANLIB=ranlib
ac_cv_prog_cc_g=yes
ac_cv_prog_cc_stdc=''
ac_cv_prog_egrep=egrep
ac_cv_prog_make_make_set=yes
am_cv_CC_dependencies_compiler_type=gcc3

## ----------------- ##
## Output variables. ##
## ----------------- ##

ACLOCAL='${SHELL} /tmp/neel/uperf/missing --run aclocal-1.9'
AMDEPBACKSLASH='\'
AMDEP_FALSE='#'
AMDEP_TRUE=''
AMTAR='${SHELL} /tmp/neel/uperf/missing --run tar'
AUTOCONF='${SHELL} /tmp/neel/uperf/missing --run autoconf'
AUTOHEADER='${SHELL} /tmp/neel/uperf/missing --run autoheader'
AUTOMAKE='${SHELL} /tmp/neel/uperf/missing --run automake-1.9'
AWK='nawk'
CC='gcc'
CCDEPMODE='depmode=gcc3'
CFLAGS=' -O2 -D_REENTRANT'
CPP='gcc -E'
CPPFLAGS=' -I/usr/sfw/include'
CYGPATH_W='echo'
DEBUG_FALSE=''
DEBUG_TRUE='#'
DEFS='-DHAVE_CONFIG_H'
DEPDIR='.deps'
ECHO_C='ECHO_N=''
ECHO_T=''
EGREP='egrep'
ENABLE_NETSTAT_FALSE='#'
ENABLE_NETSTAT_TRUE=''
EXEEXT=''
HAVE_CPC_FALSE='#'
HAVE_CPC_TRUE=''
HAVE_KSTAT_FALSE=''
HAVE_KSTAT_TRUE='#'
INSTALL_DATA='${INSTALL} -m 644'
INSTALL_PROGRAM='${INSTALL}'
INSTALL_SCRIPT='${INSTALL}'
INSTALL_STRIP_PROGRAM='${SHELL} $(install_sh) -c -s'
LDFLAGS=''
LIBOBJS=''
LIBS='-lssl '
LTLIBOBJS=''
MAKEINFO='${SHELL} /tmp/neel/uperf/missing --run makeinfo'
OBJEXT='o'
PACKAGE='uperf'
PACKAGE_BUGREPORT='neel@sun.com'
PACKAGE_NAME='uPerf'
PACKAGE_STRING='uPerf 0.2.1'
PACKAGE_TARNAME='uperf'
PACKAGE_VERSION='0.2.1'
PATH_SEPARATOR=':'
RANLIB='ranlib'
SCTP_C_FALSE='#'
SCTP_C_TRUE=''
SET_MAKE=''
SHELL='/bin/sh'
SSL_C_FALSE='#'
SSL_C_TRUE=''
STRIP=''
UDP_C_FALSE='#'
UDP_C_TRUE=''
UPERF_LIBS=' -lpthread -lrt -lm -lsocket -lnsl -lumem -lkstat -lsendfile -lcpc -lintl -lkstat -lsctp -lcrypto -lssl'
VERSION='0.2.1'
ac_ct_CC='gcc'
ac_ct_RANLIB='ranlib'
ac_ct_STRIP=''
am__fastdepCC_FALSE='#'
am__fastdepCC_TRUE=''
am__include='include'
am__leading_dot='.'
am__quote=''
am__tar='${AMTAR} chof - "$$tardir"'
am__untar='${AMTAR} xf -'
bindir='${exec_prefix}/bin'
build_alias=''
datadir='${prefix}/share'
exec_prefix='${prefix}'
host_alias=''
includedir='${prefix}/include'
infodir='${prefix}/info'
install_sh='/tmp/neel/uperf/install-sh'
libdir='${exec_prefix}/lib'
libexecdir='${exec_prefix}/libexec'
localstatedir='${prefix}/var'
mandir='${prefix}/man'
mkdir_p='$(mkinstalldirs)'
oldincludedir='/usr/include'
prefix='/usr/local'
program_transform_name='s,x,x,'
sbindir='${exec_prefix}/sbin'
sharedstatedir='${prefix}/com'
sysconfdir='${prefix}/etc'
target_alias=''

## ----------- ##
## confdefs.h. ##
## ----------- ##

#define BUILD_DATE "Tue May  6 12:17:56 PDT 2008"
#define CONFIGURED_ON "Tue May  6 12:17:56 PDT 2008"
#define ENABLE_NETSTAT 1
#define HAVE_ATOMIC_H 1
#define HAVE_BSWAP 1
#define HAVE_CPC 1
#define HAVE_INTTYPES_H 1
#define HAVE_LIBKSTAT 1
#define HAVE_LIBSSL 1
#define HAVE_MEMORY_H 1
#define HAVE_NANOSLEEP 1
#define HAVE_POLL_H 1
#define HAVE_SCTP 1
#define HAVE_SIGINFO_H 1
#define HAVE_SIGNAL_H 1
#define HAVE_SSL 1
#define HAVE_STDINT_H 1
#define HAVE_STDINT_H 1
#define HAVE_STDLIB_H 1
#define HAVE_STRINGS_H 1
#define HAVE_STRING_H 1
#define HAVE_SYS_BYTEORDER_H 1
#define HAVE_SYS_INT_LIMITS_H 1
#define HAVE_SYS_LWP_H 1
#define HAVE_SYS_POLL_H 1
#define HAVE_SYS_STAT_H 1
#define HAVE_SYS_TYPES_H 1
#define HAVE_SYS_VARARGS_H 1
#define HAVE_UDP 1
#define HAVE_UNISTD_H 1
#define PACKAGE "uperf"
#define PACKAGE_BUGREPORT "neel@sun.com"
#define PACKAGE_NAME "uPerf"
#define PACKAGE_STRING "uPerf 0.2.1"
#define PACKAGE_TARNAME "uperf"
#define PACKAGE_VERSION "0.2.1"
#define STDC_HEADERS 1
#define UPERF_SOLARIS 1
#define USE_CPC 1
#define USE_CPCv2 1
#define USE_GETRUSAGE 1
#define VERSION "0.2.1"

configure: exit 0

## ---------------------- ##
## Running config.status. ##
## ---------------------- ##

This file was extended by uPerf config.status 0.2.1, which was
generated by GNU Autoconf 2.59.  Invocation command line was

  CONFIG_FILES    = 
  CONFIG_HEADERS  = 
  CONFIG_LINKS    = 
  CONFIG_COMMANDS = 
  $ ./config.status config.h

on bursar

config.status:812: creating config.h
config.status:986: config.h is unchanged
